<?xml version="1.0" encoding="UTF-8"?>
<!-- Generated by org.testng.reporters.JUnitReportReporter -->
<testsuite skipped="0" hostname="DESKTOP-AF5L4ES" name="testUseAmazon.TestOrderPhone" tests="1" failures="0" timestamp="28 May 2017 15:11:55 GMT" time="41.983" errors="0">
  <testcase name="searchYourPhone" time="41.983" classname="testUseAmazon.TestOrderPhone"/>
</testsuite> <!-- testUseAmazon.TestOrderPhone -->
